<?xml version="1.0" encoding="UTF-8" standalone="yes" ?>
<test-results name="C:\workspaces\ws-delphi\jenkins\Win32\Debug\MyTeste.exe" total="3" errors="0" failures="1" ignored="0" inconclusive="0" not-run="0" skipped="0" invalid="0" date="2022-03-14" time="0.016">
  <culture-info current-culture="en" current-uiculture="en" />
  <test-suite type="Assembly" name="MyTeste.exe" executed="true" result="Failure" success="False" time="0.016" asserts="0">
    <results>
        <test-suite type="Namespace" name="Teste" executed="true" result="Failure" success="False" time="0.015" asserts="0" >
          <results>
              <test-suite type="Fixture" name="TMyTest" executed="True" result="Failure" success="False" time="0.015" >
                <results>
                  <test-case name="Test1" executed="True" result="Success" success="True" time="0.000" asserts="0" />
                  <test-case name="Test2.TestA" executed="True" result="Success" success="True" time="0.001" asserts="0" />
                  <test-case name="Test2.TestB" executed="True" result="Failure" success="False" time="0.000" asserts="0" >
                    <failure>
                      <message>
                        <![CDATA[ Fail! ]]>
                      </message>
                      <stack-trace>
                        <![CDATA[  ]]>
                      </stack-trace>
                    </failure>
                  </test-case>
                </results>
              </test-suite>
          </results>
        </test-suite>
    </results>
  </test-suite>
</test-results>
